2025-06-16 04:48:37,252 desktop-dift32i C:\Program Files\Java\jdk-21\bin\java.exe[1584] WARN  [io.qua.config] (Quarkus Main Thread) Unrecognized configuration key "quarkus.smallrye-jwt.auth-mechanism" was provided; it will be ignored; verify that the dependency extension for this configuration is set or that you did not make a typo
2025-06-16 04:48:37,252 desktop-dift32i C:\Program Files\Java\jdk-21\bin\java.exe[1584] WARN  [io.qua.config] (Quarkus Main Thread) Unrecognized configuration key "quarkus.smallrye-jwt.token.prefix" was provided; it will be ignored; verify that the dependency extension for this configuration is set or that you did not make a typo
2025-06-16 04:48:37,252 desktop-dift32i C:\Program Files\Java\jdk-21\bin\java.exe[1584] WARN  [io.qua.config] (Quarkus Main Thread) Unrecognized configuration key "quarkus.smallrye-jwt.token.header" was provided; it will be ignored; verify that the dependency extension for this configuration is set or that you did not make a typo
2025-06-16 04:48:38,841 desktop-dift32i C:\Program Files\Java\jdk-21\bin\java.exe[1584] INFO  [io.quarkus] (Quarkus Main Thread) ecommerce-pianos 1.0.0-SNAPSHOT on JVM (powered by Quarkus 3.19.4) started in 5.019s. Listening on: http://localhost:8080
2025-06-16 04:48:38,843 desktop-dift32i C:\Program Files\Java\jdk-21\bin\java.exe[1584] INFO  [io.quarkus] (Quarkus Main Thread) Profile dev activated. Live Coding activated.
2025-06-16 04:48:38,843 desktop-dift32i C:\Program Files\Java\jdk-21\bin\java.exe[1584] INFO  [io.quarkus] (Quarkus Main Thread) Installed features: [agroal, cdi, hibernate-orm, hibernate-orm-panache, hibernate-validator, jdbc-postgresql, narayana-jta, resteasy, resteasy-jackson, security, smallrye-context-propagation, smallrye-jwt, smallrye-openapi, swagger-ui, vertx]
2025-06-16 04:52:02,624 desktop-dift32i C:\Program Files\Java\jdk-21\bin\java.exe[1584] INFO  [com.eco.res.EstadoResource] (executor-thread-9) Buscando todos os estados
2025-06-16 04:52:54,856 desktop-dift32i C:\Program Files\Java\jdk-21\bin\java.exe[1584] INFO  [com.eco.res.PianoResource] (executor-thread-9) Listando todos os pianos
2025-06-16 04:52:54,880 desktop-dift32i C:\Program Files\Java\jdk-21\bin\java.exe[1584] TRACE [org.hib.orm.jdb.bind] (executor-thread-9) binding parameter (1:BIGINT) <- [1]
2025-06-16 04:52:54,886 desktop-dift32i C:\Program Files\Java\jdk-21\bin\java.exe[1584] TRACE [org.hib.orm.jdb.bind] (executor-thread-9) binding parameter (1:BIGINT) <- [1]
2025-06-16 04:52:54,892 desktop-dift32i C:\Program Files\Java\jdk-21\bin\java.exe[1584] TRACE [org.hib.orm.jdb.bind] (executor-thread-9) binding parameter (1:BIGINT) <- [2]
2025-06-16 04:52:54,895 desktop-dift32i C:\Program Files\Java\jdk-21\bin\java.exe[1584] TRACE [org.hib.orm.jdb.bind] (executor-thread-9) binding parameter (1:BIGINT) <- [2]
2025-06-16 04:52:54,899 desktop-dift32i C:\Program Files\Java\jdk-21\bin\java.exe[1584] TRACE [org.hib.orm.jdb.bind] (executor-thread-9) binding parameter (1:BIGINT) <- [3]
2025-06-16 04:52:54,904 desktop-dift32i C:\Program Files\Java\jdk-21\bin\java.exe[1584] TRACE [org.hib.orm.jdb.bind] (executor-thread-9) binding parameter (1:BIGINT) <- [3]
2025-06-16 04:52:54,908 desktop-dift32i C:\Program Files\Java\jdk-21\bin\java.exe[1584] TRACE [org.hib.orm.jdb.bind] (executor-thread-9) binding parameter (1:BIGINT) <- [4]
2025-06-16 04:52:54,911 desktop-dift32i C:\Program Files\Java\jdk-21\bin\java.exe[1584] TRACE [org.hib.orm.jdb.bind] (executor-thread-9) binding parameter (1:BIGINT) <- [4]
2025-06-16 04:53:32,922 desktop-dift32i C:\Program Files\Java\jdk-21\bin\java.exe[1584] INFO  [com.eco.res.PianoResource] (executor-thread-9) Criando novo piano: PianoDTO[modelo=4, fabricante=string, preco=0.1, numeroDeTeclas=1, possuiPedais=true, material=string, tipo=ACUSTICO, estoque=2, marcaId=1, fornecedorId=1]
2025-06-16 04:53:32,931 desktop-dift32i C:\Program Files\Java\jdk-21\bin\java.exe[1584] TRACE [org.hib.orm.jdb.bind] (executor-thread-9) binding parameter (1:BIGINT) <- [1]
2025-06-16 04:53:32,935 desktop-dift32i C:\Program Files\Java\jdk-21\bin\java.exe[1584] TRACE [org.hib.orm.jdb.bind] (executor-thread-9) binding parameter (1:BIGINT) <- [1]
2025-06-16 04:53:32,951 desktop-dift32i C:\Program Files\Java\jdk-21\bin\java.exe[1584] TRACE [org.hib.orm.jdb.bind] (executor-thread-9) binding parameter (1:TIMESTAMP) <- [null]
2025-06-16 04:53:32,953 desktop-dift32i C:\Program Files\Java\jdk-21\bin\java.exe[1584] TRACE [org.hib.orm.jdb.bind] (executor-thread-9) binding parameter (2:TIMESTAMP) <- [2025-06-16T04:53:32.941874300]
2025-06-16 04:53:32,956 desktop-dift32i C:\Program Files\Java\jdk-21\bin\java.exe[1584] TRACE [org.hib.orm.jdb.bind] (executor-thread-9) binding parameter (3:INTEGER) <- [2]
2025-06-16 04:53:32,958 desktop-dift32i C:\Program Files\Java\jdk-21\bin\java.exe[1584] TRACE [org.hib.orm.jdb.bind] (executor-thread-9) binding parameter (4:VARCHAR) <- [string]
2025-06-16 04:53:32,959 desktop-dift32i C:\Program Files\Java\jdk-21\bin\java.exe[1584] TRACE [org.hib.orm.jdb.bind] (executor-thread-9) binding parameter (5:BIGINT) <- [1]
2025-06-16 04:53:32,960 desktop-dift32i C:\Program Files\Java\jdk-21\bin\java.exe[1584] TRACE [org.hib.orm.jdb.bind] (executor-thread-9) binding parameter (6:BIGINT) <- [1]
2025-06-16 04:53:32,962 desktop-dift32i C:\Program Files\Java\jdk-21\bin\java.exe[1584] TRACE [org.hib.orm.jdb.bind] (executor-thread-9) binding parameter (7:VARCHAR) <- [string]
2025-06-16 04:53:32,963 desktop-dift32i C:\Program Files\Java\jdk-21\bin\java.exe[1584] TRACE [org.hib.orm.jdb.bind] (executor-thread-9) binding parameter (8:VARCHAR) <- [4]
2025-06-16 04:53:32,965 desktop-dift32i C:\Program Files\Java\jdk-21\bin\java.exe[1584] TRACE [org.hib.orm.jdb.bind] (executor-thread-9) binding parameter (9:INTEGER) <- [1]
2025-06-16 04:53:32,968 desktop-dift32i C:\Program Files\Java\jdk-21\bin\java.exe[1584] TRACE [org.hib.orm.jdb.bind] (executor-thread-9) binding parameter (10:BOOLEAN) <- [true]
2025-06-16 04:53:32,972 desktop-dift32i C:\Program Files\Java\jdk-21\bin\java.exe[1584] TRACE [org.hib.orm.jdb.bind] (executor-thread-9) binding parameter (11:DOUBLE) <- [0.1]
2025-06-16 04:53:32,973 desktop-dift32i C:\Program Files\Java\jdk-21\bin\java.exe[1584] TRACE [org.hib.orm.jdb.bind] (executor-thread-9) binding parameter (12:VARCHAR) <- [ACUSTICO]
2025-06-16 04:53:43,178 desktop-dift32i C:\Program Files\Java\jdk-21\bin\java.exe[1584] INFO  [com.eco.res.MunicipioResource] (executor-thread-9) Listando todos os municípios
2025-06-16 04:53:43,196 desktop-dift32i C:\Program Files\Java\jdk-21\bin\java.exe[1584] TRACE [org.hib.orm.jdb.bind] (executor-thread-9) binding parameter (1:ARRAY) <- [[3, 1, 2]]
2025-06-16 04:53:49,847 desktop-dift32i C:\Program Files\Java\jdk-21\bin\java.exe[1584] INFO  [com.eco.res.MarcaResource] (executor-thread-9) Listando todas as marcas
2025-06-16 04:53:55,476 desktop-dift32i C:\Program Files\Java\jdk-21\bin\java.exe[1584] INFO  [com.eco.res.FuncionarioResource] (executor-thread-9) Listando todos os funcionários
2025-06-16 04:53:55,484 desktop-dift32i C:\Program Files\Java\jdk-21\bin\java.exe[1584] TRACE [org.hib.orm.jdb.bind] (executor-thread-9) binding parameter (1:BIGINT) <- [3]
2025-06-16 04:53:55,490 desktop-dift32i C:\Program Files\Java\jdk-21\bin\java.exe[1584] TRACE [org.hib.orm.jdb.bind] (executor-thread-9) binding parameter (1:BIGINT) <- [4]
2025-06-16 04:54:05,708 desktop-dift32i C:\Program Files\Java\jdk-21\bin\java.exe[1584] INFO  [com.eco.res.FornecedorResource] (executor-thread-9) Listando todos os fornecedores
2025-06-16 04:54:05,719 desktop-dift32i C:\Program Files\Java\jdk-21\bin\java.exe[1584] TRACE [org.hib.orm.jdb.bind] (executor-thread-9) binding parameter (1:ARRAY) <- [[1, 2, 3, 4]]
2025-06-16 04:54:21,567 desktop-dift32i C:\Program Files\Java\jdk-21\bin\java.exe[1584] INFO  [com.eco.res.EstadoResource] (executor-thread-9) Buscando todos os estados
2025-06-16 04:54:31,235 desktop-dift32i C:\Program Files\Java\jdk-21\bin\java.exe[1584] INFO  [com.eco.res.ClienteResource] (executor-thread-9) FUNCIONARIO solicitou listagem de todos os clientes.
2025-06-16 04:54:31,244 desktop-dift32i C:\Program Files\Java\jdk-21\bin\java.exe[1584] TRACE [org.hib.orm.jdb.bind] (executor-thread-9) binding parameter (1:ARRAY) <- [[1, 2]]
2025-06-16 04:54:31,254 desktop-dift32i C:\Program Files\Java\jdk-21\bin\java.exe[1584] TRACE [org.hib.orm.jdb.bind] (executor-thread-9) binding parameter (1:ARRAY) <- [[1, 2]]
2025-06-16 04:54:57,673 desktop-dift32i C:\Program Files\Java\jdk-21\bin\java.exe[1584] INFO  [com.eco.res.ClienteResource] (executor-thread-9) FUNCIONARIO criando novo cliente: ClienteRequestDTO[nome=#, telefone=e, cpf=93145834942, email=b@email.com, senha=senha12]
2025-06-16 04:54:57,752 desktop-dift32i C:\Program Files\Java\jdk-21\bin\java.exe[1584] TRACE [org.hib.orm.jdb.bind] (executor-thread-9) binding parameter (1:TIMESTAMP) <- [null]
2025-06-16 04:54:57,753 desktop-dift32i C:\Program Files\Java\jdk-21\bin\java.exe[1584] TRACE [org.hib.orm.jdb.bind] (executor-thread-9) binding parameter (2:TIMESTAMP) <- [2025-06-16T04:54:57.744533400]
2025-06-16 04:54:57,755 desktop-dift32i C:\Program Files\Java\jdk-21\bin\java.exe[1584] TRACE [org.hib.orm.jdb.bind] (executor-thread-9) binding parameter (3:VARCHAR) <- [b@email.com]
2025-06-16 04:54:57,756 desktop-dift32i C:\Program Files\Java\jdk-21\bin\java.exe[1584] TRACE [org.hib.orm.jdb.bind] (executor-thread-9) binding parameter (4:VARCHAR) <- [CLIENTE]
2025-06-16 04:54:57,757 desktop-dift32i C:\Program Files\Java\jdk-21\bin\java.exe[1584] TRACE [org.hib.orm.jdb.bind] (executor-thread-9) binding parameter (5:VARCHAR) <- [$2a$10$D6U/7fANu0VPoM7kJ6rb5eZUuN.Q30fHjp3vbLxcoQ4nhFxunfvyG]
2025-06-16 04:54:57,761 desktop-dift32i C:\Program Files\Java\jdk-21\bin\java.exe[1584] TRACE [org.hib.orm.jdb.bind] (executor-thread-9) binding parameter (1:VARCHAR) <- [93145834942]
2025-06-16 04:54:57,763 desktop-dift32i C:\Program Files\Java\jdk-21\bin\java.exe[1584] TRACE [org.hib.orm.jdb.bind] (executor-thread-9) binding parameter (2:TIMESTAMP) <- [null]
2025-06-16 04:54:57,764 desktop-dift32i C:\Program Files\Java\jdk-21\bin\java.exe[1584] TRACE [org.hib.orm.jdb.bind] (executor-thread-9) binding parameter (3:TIMESTAMP) <- [2025-06-16T04:54:57.743533900]
2025-06-16 04:54:57,766 desktop-dift32i C:\Program Files\Java\jdk-21\bin\java.exe[1584] TRACE [org.hib.orm.jdb.bind] (executor-thread-9) binding parameter (4:VARCHAR) <- [#]
2025-06-16 04:54:57,767 desktop-dift32i C:\Program Files\Java\jdk-21\bin\java.exe[1584] TRACE [org.hib.orm.jdb.bind] (executor-thread-9) binding parameter (5:VARCHAR) <- [e]
2025-06-16 04:54:57,768 desktop-dift32i C:\Program Files\Java\jdk-21\bin\java.exe[1584] TRACE [org.hib.orm.jdb.bind] (executor-thread-9) binding parameter (6:BIGINT) <- [5]
2025-06-16 04:55:14,984 desktop-dift32i C:\Program Files\Java\jdk-21\bin\java.exe[1584] TRACE [org.hib.orm.jdb.bind] (executor-thread-9) binding parameter (1:VARCHAR) <- [b@email.com]
2025-06-16 04:55:14,985 desktop-dift32i C:\Program Files\Java\jdk-21\bin\java.exe[1584] TRACE [org.hib.orm.jdb.bind] (executor-thread-9) binding parameter (2:INTEGER) <- [1]
2025-06-16 04:56:04,277 desktop-dift32i C:\Program Files\Java\jdk-21\bin\java.exe[1584] INFO  [com.eco.res.EnderecoClienteResource] (executor-thread-9) Salvando novo endereço: EnderecoClienteRequestDTO[rua=_, numero=&, bairro=&, cidade=V, cep=n, tipoEndereco=COMERCIAL, municipioId=1, estadoId=1]
2025-06-16 04:56:04,305 desktop-dift32i C:\Program Files\Java\jdk-21\bin\java.exe[1584] TRACE [org.hib.orm.jdb.bind] (executor-thread-9) binding parameter (1:VARCHAR) <- [b@email.com]
2025-06-16 04:56:04,307 desktop-dift32i C:\Program Files\Java\jdk-21\bin\java.exe[1584] TRACE [org.hib.orm.jdb.bind] (executor-thread-9) binding parameter (2:INTEGER) <- [1]
2025-06-16 04:56:04,313 desktop-dift32i C:\Program Files\Java\jdk-21\bin\java.exe[1584] TRACE [org.hib.orm.jdb.bind] (executor-thread-9) binding parameter (1:BIGINT) <- [5]
2025-06-16 04:56:04,318 desktop-dift32i C:\Program Files\Java\jdk-21\bin\java.exe[1584] TRACE [org.hib.orm.jdb.bind] (executor-thread-9) binding parameter (1:BIGINT) <- [1]
2025-06-16 04:56:04,323 desktop-dift32i C:\Program Files\Java\jdk-21\bin\java.exe[1584] TRACE [org.hib.orm.jdb.bind] (executor-thread-9) binding parameter (1:BIGINT) <- [1]
2025-06-16 04:56:04,329 desktop-dift32i C:\Program Files\Java\jdk-21\bin\java.exe[1584] TRACE [org.hib.orm.jdb.bind] (executor-thread-9) binding parameter (1:VARCHAR) <- [&]
2025-06-16 04:56:04,331 desktop-dift32i C:\Program Files\Java\jdk-21\bin\java.exe[1584] TRACE [org.hib.orm.jdb.bind] (executor-thread-9) binding parameter (2:VARCHAR) <- [n]
2025-06-16 04:56:04,332 desktop-dift32i C:\Program Files\Java\jdk-21\bin\java.exe[1584] TRACE [org.hib.orm.jdb.bind] (executor-thread-9) binding parameter (3:VARCHAR) <- [V]
2025-06-16 04:56:04,333 desktop-dift32i C:\Program Files\Java\jdk-21\bin\java.exe[1584] TRACE [org.hib.orm.jdb.bind] (executor-thread-9) binding parameter (4:TIMESTAMP) <- [null]
2025-06-16 04:56:04,335 desktop-dift32i C:\Program Files\Java\jdk-21\bin\java.exe[1584] TRACE [org.hib.orm.jdb.bind] (executor-thread-9) binding parameter (5:TIMESTAMP) <- [2025-06-16T04:56:04.327827600]
2025-06-16 04:56:04,336 desktop-dift32i C:\Program Files\Java\jdk-21\bin\java.exe[1584] TRACE [org.hib.orm.jdb.bind] (executor-thread-9) binding parameter (6:BIGINT) <- [null]
2025-06-16 04:56:04,337 desktop-dift32i C:\Program Files\Java\jdk-21\bin\java.exe[1584] TRACE [org.hib.orm.jdb.bind] (executor-thread-9) binding parameter (7:BIGINT) <- [1]
2025-06-16 04:56:04,338 desktop-dift32i C:\Program Files\Java\jdk-21\bin\java.exe[1584] TRACE [org.hib.orm.jdb.bind] (executor-thread-9) binding parameter (8:BIGINT) <- [1]
2025-06-16 04:56:04,340 desktop-dift32i C:\Program Files\Java\jdk-21\bin\java.exe[1584] TRACE [org.hib.orm.jdb.bind] (executor-thread-9) binding parameter (9:VARCHAR) <- [&]
2025-06-16 04:56:04,341 desktop-dift32i C:\Program Files\Java\jdk-21\bin\java.exe[1584] TRACE [org.hib.orm.jdb.bind] (executor-thread-9) binding parameter (10:VARCHAR) <- [_]
2025-06-16 04:56:04,342 desktop-dift32i C:\Program Files\Java\jdk-21\bin\java.exe[1584] TRACE [org.hib.orm.jdb.bind] (executor-thread-9) binding parameter (11:VARCHAR) <- [COMERCIAL]
2025-06-16 04:56:04,343 desktop-dift32i C:\Program Files\Java\jdk-21\bin\java.exe[1584] TRACE [org.hib.orm.jdb.bind] (executor-thread-9) binding parameter (12:BIGINT) <- [3]
2025-06-16 04:56:31,835 desktop-dift32i C:\Program Files\Java\jdk-21\bin\java.exe[1584] INFO  [com.eco.res.EnderecoClienteResource] (executor-thread-9) Buscando endereços por nome: #
2025-06-16 04:56:31,845 desktop-dift32i C:\Program Files\Java\jdk-21\bin\java.exe[1584] TRACE [org.hib.orm.jdb.bind] (executor-thread-9) binding parameter (1:VARCHAR) <- [#]
2025-06-16 04:56:31,850 desktop-dift32i C:\Program Files\Java\jdk-21\bin\java.exe[1584] TRACE [org.hib.orm.jdb.bind] (executor-thread-9) binding parameter (1:BIGINT) <- [1]
2025-06-16 04:56:31,859 desktop-dift32i C:\Program Files\Java\jdk-21\bin\java.exe[1584] TRACE [org.hib.orm.jdb.bind] (executor-thread-9) binding parameter (1:BIGINT) <- [1]
2025-06-16 04:56:31,864 desktop-dift32i C:\Program Files\Java\jdk-21\bin\java.exe[1584] TRACE [org.hib.orm.jdb.bind] (executor-thread-9) binding parameter (1:BIGINT) <- [3]
2025-06-16 04:57:24,862 desktop-dift32i C:\Program Files\Java\jdk-21\bin\java.exe[1584] INFO  [com.eco.res.PedidoResource] (executor-thread-9) Salvando novo pedido
2025-06-16 04:57:24,870 desktop-dift32i C:\Program Files\Java\jdk-21\bin\java.exe[1584] TRACE [org.hib.orm.jdb.bind] (executor-thread-9) binding parameter (1:VARCHAR) <- [b@email.com]
2025-06-16 04:57:24,872 desktop-dift32i C:\Program Files\Java\jdk-21\bin\java.exe[1584] TRACE [org.hib.orm.jdb.bind] (executor-thread-9) binding parameter (2:INTEGER) <- [1]
2025-06-16 04:57:24,877 desktop-dift32i C:\Program Files\Java\jdk-21\bin\java.exe[1584] TRACE [org.hib.orm.jdb.bind] (executor-thread-9) binding parameter (1:BIGINT) <- [5]
2025-06-16 04:57:24,885 desktop-dift32i C:\Program Files\Java\jdk-21\bin\java.exe[1584] TRACE [org.hib.orm.jdb.bind] (executor-thread-9) binding parameter (1:BIGINT) <- [5]
2025-06-16 04:57:24,892 desktop-dift32i C:\Program Files\Java\jdk-21\bin\java.exe[1584] TRACE [org.hib.orm.jdb.bind] (executor-thread-9) binding parameter (1:VARCHAR) <- [&]
2025-06-16 04:57:24,894 desktop-dift32i C:\Program Files\Java\jdk-21\bin\java.exe[1584] TRACE [org.hib.orm.jdb.bind] (executor-thread-9) binding parameter (2:VARCHAR) <- [n]
2025-06-16 04:57:24,895 desktop-dift32i C:\Program Files\Java\jdk-21\bin\java.exe[1584] TRACE [org.hib.orm.jdb.bind] (executor-thread-9) binding parameter (3:VARCHAR) <- [V]
2025-06-16 04:57:24,896 desktop-dift32i C:\Program Files\Java\jdk-21\bin\java.exe[1584] TRACE [org.hib.orm.jdb.bind] (executor-thread-9) binding parameter (4:TIMESTAMP) <- [null]
2025-06-16 04:57:24,897 desktop-dift32i C:\Program Files\Java\jdk-21\bin\java.exe[1584] TRACE [org.hib.orm.jdb.bind] (executor-thread-9) binding parameter (5:TIMESTAMP) <- [2025-06-16T04:57:24.891180300]
2025-06-16 04:57:24,898 desktop-dift32i C:\Program Files\Java\jdk-21\bin\java.exe[1584] TRACE [org.hib.orm.jdb.bind] (executor-thread-9) binding parameter (6:BIGINT) <- [null]
2025-06-16 04:57:24,900 desktop-dift32i C:\Program Files\Java\jdk-21\bin\java.exe[1584] TRACE [org.hib.orm.jdb.bind] (executor-thread-9) binding parameter (7:BIGINT) <- [null]
2025-06-16 04:57:24,901 desktop-dift32i C:\Program Files\Java\jdk-21\bin\java.exe[1584] TRACE [org.hib.orm.jdb.bind] (executor-thread-9) binding parameter (8:BIGINT) <- [null]
2025-06-16 04:57:24,902 desktop-dift32i C:\Program Files\Java\jdk-21\bin\java.exe[1584] TRACE [org.hib.orm.jdb.bind] (executor-thread-9) binding parameter (9:VARCHAR) <- [&]
2025-06-16 04:57:24,904 desktop-dift32i C:\Program Files\Java\jdk-21\bin\java.exe[1584] TRACE [org.hib.orm.jdb.bind] (executor-thread-9) binding parameter (10:VARCHAR) <- [_]
2025-06-16 04:57:24,905 desktop-dift32i C:\Program Files\Java\jdk-21\bin\java.exe[1584] TRACE [org.hib.orm.jdb.bind] (executor-thread-9) binding parameter (11:VARCHAR) <- [null]
2025-06-16 04:57:24,910 desktop-dift32i C:\Program Files\Java\jdk-21\bin\java.exe[1584] TRACE [org.hib.orm.jdb.bind] (executor-thread-9) binding parameter (1:BIGINT) <- [2]
2025-06-16 04:57:24,918 desktop-dift32i C:\Program Files\Java\jdk-21\bin\java.exe[1584] TRACE [org.hib.orm.jdb.bind] (executor-thread-9) binding parameter (1:BIGINT) <- [3]
2025-06-16 04:57:24,920 desktop-dift32i C:\Program Files\Java\jdk-21\bin\java.exe[1584] TRACE [org.hib.orm.jdb.bind] (executor-thread-9) binding parameter (2:TIMESTAMP) <- [null]
2025-06-16 04:57:24,922 desktop-dift32i C:\Program Files\Java\jdk-21\bin\java.exe[1584] TRACE [org.hib.orm.jdb.bind] (executor-thread-9) binding parameter (3:TIMESTAMP) <- [2025-06-16T04:57:24.917181900]
2025-06-16 04:57:24,923 desktop-dift32i C:\Program Files\Java\jdk-21\bin\java.exe[1584] TRACE [org.hib.orm.jdb.bind] (executor-thread-9) binding parameter (4:TIMESTAMP) <- [2025-06-16T04:57:24.867178400]
2025-06-16 04:57:24,924 desktop-dift32i C:\Program Files\Java\jdk-21\bin\java.exe[1584] TRACE [org.hib.orm.jdb.bind] (executor-thread-9) binding parameter (5:BIGINT) <- [6]
2025-06-16 04:57:24,926 desktop-dift32i C:\Program Files\Java\jdk-21\bin\java.exe[1584] TRACE [org.hib.orm.jdb.bind] (executor-thread-9) binding parameter (6:VARCHAR) <- [PENDENTE]
2025-06-16 04:57:24,927 desktop-dift32i C:\Program Files\Java\jdk-21\bin\java.exe[1584] TRACE [org.hib.orm.jdb.bind] (executor-thread-9) binding parameter (7:DOUBLE) <- [6000.0]
2025-06-16 04:57:24,936 desktop-dift32i C:\Program Files\Java\jdk-21\bin\java.exe[1584] TRACE [org.hib.orm.jdb.bind] (executor-thread-9) binding parameter (1:TIMESTAMP) <- [null]
2025-06-16 04:57:24,938 desktop-dift32i C:\Program Files\Java\jdk-21\bin\java.exe[1584] TRACE [org.hib.orm.jdb.bind] (executor-thread-9) binding parameter (2:TIMESTAMP) <- [2025-06-16T04:57:24.929283600]
2025-06-16 04:57:24,940 desktop-dift32i C:\Program Files\Java\jdk-21\bin\java.exe[1584] TRACE [org.hib.orm.jdb.bind] (executor-thread-9) binding parameter (3:BIGINT) <- [4]
2025-06-16 04:57:24,941 desktop-dift32i C:\Program Files\Java\jdk-21\bin\java.exe[1584] TRACE [org.hib.orm.jdb.bind] (executor-thread-9) binding parameter (4:BIGINT) <- [2]
2025-06-16 04:57:24,943 desktop-dift32i C:\Program Files\Java\jdk-21\bin\java.exe[1584] TRACE [org.hib.orm.jdb.bind] (executor-thread-9) binding parameter (5:INTEGER) <- [2]
2025-06-16 04:57:24,944 desktop-dift32i C:\Program Files\Java\jdk-21\bin\java.exe[1584] TRACE [org.hib.orm.jdb.bind] (executor-thread-9) binding parameter (6:DOUBLE) <- [6000.0]
2025-06-16 04:57:24,957 desktop-dift32i C:\Program Files\Java\jdk-21\bin\java.exe[1584] TRACE [org.hib.orm.jdb.bind] (executor-thread-9) binding parameter (1:TIMESTAMP) <- [2025-06-16T04:57:24.949884700]
2025-06-16 04:57:24,958 desktop-dift32i C:\Program Files\Java\jdk-21\bin\java.exe[1584] TRACE [org.hib.orm.jdb.bind] (executor-thread-9) binding parameter (2:TIMESTAMP) <- [null]
2025-06-16 04:57:24,972 desktop-dift32i C:\Program Files\Java\jdk-21\bin\java.exe[1584] TRACE [org.hib.orm.jdb.bind] (executor-thread-9) binding parameter (3:INTEGER) <- [1]
2025-06-16 04:57:24,973 desktop-dift32i C:\Program Files\Java\jdk-21\bin\java.exe[1584] TRACE [org.hib.orm.jdb.bind] (executor-thread-9) binding parameter (4:VARCHAR) <- [Fabricante 2]
2025-06-16 04:57:24,975 desktop-dift32i C:\Program Files\Java\jdk-21\bin\java.exe[1584] TRACE [org.hib.orm.jdb.bind] (executor-thread-9) binding parameter (5:BIGINT) <- [2]
2025-06-16 04:57:24,976 desktop-dift32i C:\Program Files\Java\jdk-21\bin\java.exe[1584] TRACE [org.hib.orm.jdb.bind] (executor-thread-9) binding parameter (6:BIGINT) <- [2]
2025-06-16 04:57:24,977 desktop-dift32i C:\Program Files\Java\jdk-21\bin\java.exe[1584] TRACE [org.hib.orm.jdb.bind] (executor-thread-9) binding parameter (7:VARCHAR) <- [Plástico]
2025-06-16 04:57:24,978 desktop-dift32i C:\Program Files\Java\jdk-21\bin\java.exe[1584] TRACE [org.hib.orm.jdb.bind] (executor-thread-9) binding parameter (8:VARCHAR) <- [Modelo B]
2025-06-16 04:57:24,980 desktop-dift32i C:\Program Files\Java\jdk-21\bin\java.exe[1584] TRACE [org.hib.orm.jdb.bind] (executor-thread-9) binding parameter (9:INTEGER) <- [76]
2025-06-16 04:57:24,982 desktop-dift32i C:\Program Files\Java\jdk-21\bin\java.exe[1584] TRACE [org.hib.orm.jdb.bind] (executor-thread-9) binding parameter (10:BOOLEAN) <- [true]
2025-06-16 04:57:24,983 desktop-dift32i C:\Program Files\Java\jdk-21\bin\java.exe[1584] TRACE [org.hib.orm.jdb.bind] (executor-thread-9) binding parameter (11:DOUBLE) <- [3000.0]
2025-06-16 04:57:24,984 desktop-dift32i C:\Program Files\Java\jdk-21\bin\java.exe[1584] TRACE [org.hib.orm.jdb.bind] (executor-thread-9) binding parameter (12:VARCHAR) <- [DIGITAL]
2025-06-16 04:57:24,986 desktop-dift32i C:\Program Files\Java\jdk-21\bin\java.exe[1584] TRACE [org.hib.orm.jdb.bind] (executor-thread-9) binding parameter (13:BIGINT) <- [2]
2025-06-16 04:57:51,015 desktop-dift32i C:\Program Files\Java\jdk-21\bin\java.exe[1584] INFO  [com.eco.res.PedidoResource] (executor-thread-9) Buscando pedidos pelo nome: #
2025-06-16 04:57:51,022 desktop-dift32i C:\Program Files\Java\jdk-21\bin\java.exe[1584] TRACE [org.hib.orm.jdb.bind] (executor-thread-9) binding parameter (1:VARCHAR) <- [#]
2025-06-16 04:57:51,026 desktop-dift32i C:\Program Files\Java\jdk-21\bin\java.exe[1584] TRACE [org.hib.orm.jdb.bind] (executor-thread-9) binding parameter (1:BIGINT) <- [3]
2025-06-16 04:57:51,039 desktop-dift32i C:\Program Files\Java\jdk-21\bin\java.exe[1584] TRACE [org.hib.orm.jdb.bind] (executor-thread-9) binding parameter (1:BIGINT) <- [6]
2025-06-16 04:57:51,048 desktop-dift32i C:\Program Files\Java\jdk-21\bin\java.exe[1584] TRACE [org.hib.orm.jdb.bind] (executor-thread-9) binding parameter (1:BIGINT) <- [4]
2025-06-16 04:58:07,504 desktop-dift32i C:\Program Files\Java\jdk-21\bin\java.exe[1584] INFO  [com.eco.res.PedidoResource] (executor-thread-9) Salvando novo pedido
2025-06-16 04:58:07,514 desktop-dift32i C:\Program Files\Java\jdk-21\bin\java.exe[1584] TRACE [org.hib.orm.jdb.bind] (executor-thread-9) binding parameter (1:VARCHAR) <- [b@email.com]
2025-06-16 04:58:07,515 desktop-dift32i C:\Program Files\Java\jdk-21\bin\java.exe[1584] TRACE [org.hib.orm.jdb.bind] (executor-thread-9) binding parameter (2:INTEGER) <- [1]
2025-06-16 04:58:07,521 desktop-dift32i C:\Program Files\Java\jdk-21\bin\java.exe[1584] TRACE [org.hib.orm.jdb.bind] (executor-thread-9) binding parameter (1:BIGINT) <- [5]
2025-06-16 04:58:07,532 desktop-dift32i C:\Program Files\Java\jdk-21\bin\java.exe[1584] TRACE [org.hib.orm.jdb.bind] (executor-thread-9) binding parameter (1:BIGINT) <- [5]
2025-06-16 04:58:07,538 desktop-dift32i C:\Program Files\Java\jdk-21\bin\java.exe[1584] TRACE [org.hib.orm.jdb.bind] (executor-thread-9) binding parameter (1:VARCHAR) <- [&]
2025-06-16 04:58:07,540 desktop-dift32i C:\Program Files\Java\jdk-21\bin\java.exe[1584] TRACE [org.hib.orm.jdb.bind] (executor-thread-9) binding parameter (2:VARCHAR) <- [n]
2025-06-16 04:58:07,541 desktop-dift32i C:\Program Files\Java\jdk-21\bin\java.exe[1584] TRACE [org.hib.orm.jdb.bind] (executor-thread-9) binding parameter (3:VARCHAR) <- [V]
2025-06-16 04:58:07,542 desktop-dift32i C:\Program Files\Java\jdk-21\bin\java.exe[1584] TRACE [org.hib.orm.jdb.bind] (executor-thread-9) binding parameter (4:TIMESTAMP) <- [null]
2025-06-16 04:58:07,543 desktop-dift32i C:\Program Files\Java\jdk-21\bin\java.exe[1584] TRACE [org.hib.orm.jdb.bind] (executor-thread-9) binding parameter (5:TIMESTAMP) <- [2025-06-16T04:58:07.537084100]
2025-06-16 04:58:07,544 desktop-dift32i C:\Program Files\Java\jdk-21\bin\java.exe[1584] TRACE [org.hib.orm.jdb.bind] (executor-thread-9) binding parameter (6:BIGINT) <- [null]
2025-06-16 04:58:07,545 desktop-dift32i C:\Program Files\Java\jdk-21\bin\java.exe[1584] TRACE [org.hib.orm.jdb.bind] (executor-thread-9) binding parameter (7:BIGINT) <- [null]
2025-06-16 04:58:07,546 desktop-dift32i C:\Program Files\Java\jdk-21\bin\java.exe[1584] TRACE [org.hib.orm.jdb.bind] (executor-thread-9) binding parameter (8:BIGINT) <- [null]
2025-06-16 04:58:07,547 desktop-dift32i C:\Program Files\Java\jdk-21\bin\java.exe[1584] TRACE [org.hib.orm.jdb.bind] (executor-thread-9) binding parameter (9:VARCHAR) <- [&]
2025-06-16 04:58:07,548 desktop-dift32i C:\Program Files\Java\jdk-21\bin\java.exe[1584] TRACE [org.hib.orm.jdb.bind] (executor-thread-9) binding parameter (10:VARCHAR) <- [_]
2025-06-16 04:58:07,549 desktop-dift32i C:\Program Files\Java\jdk-21\bin\java.exe[1584] TRACE [org.hib.orm.jdb.bind] (executor-thread-9) binding parameter (11:VARCHAR) <- [null]
2025-06-16 04:58:07,553 desktop-dift32i C:\Program Files\Java\jdk-21\bin\java.exe[1584] TRACE [org.hib.orm.jdb.bind] (executor-thread-9) binding parameter (1:BIGINT) <- [1]
2025-06-16 04:58:07,561 desktop-dift32i C:\Program Files\Java\jdk-21\bin\java.exe[1584] TRACE [org.hib.orm.jdb.bind] (executor-thread-9) binding parameter (1:BIGINT) <- [3]
2025-06-16 04:58:07,562 desktop-dift32i C:\Program Files\Java\jdk-21\bin\java.exe[1584] TRACE [org.hib.orm.jdb.bind] (executor-thread-9) binding parameter (2:TIMESTAMP) <- [null]
2025-06-16 04:58:07,563 desktop-dift32i C:\Program Files\Java\jdk-21\bin\java.exe[1584] TRACE [org.hib.orm.jdb.bind] (executor-thread-9) binding parameter (3:TIMESTAMP) <- [2025-06-16T04:58:07.559083300]
2025-06-16 04:58:07,564 desktop-dift32i C:\Program Files\Java\jdk-21\bin\java.exe[1584] TRACE [org.hib.orm.jdb.bind] (executor-thread-9) binding parameter (4:TIMESTAMP) <- [2025-06-16T04:58:07.510084200]
2025-06-16 04:58:07,566 desktop-dift32i C:\Program Files\Java\jdk-21\bin\java.exe[1584] TRACE [org.hib.orm.jdb.bind] (executor-thread-9) binding parameter (5:BIGINT) <- [7]
2025-06-16 04:58:07,567 desktop-dift32i C:\Program Files\Java\jdk-21\bin\java.exe[1584] TRACE [org.hib.orm.jdb.bind] (executor-thread-9) binding parameter (6:VARCHAR) <- [PENDENTE]
2025-06-16 04:58:07,568 desktop-dift32i C:\Program Files\Java\jdk-21\bin\java.exe[1584] TRACE [org.hib.orm.jdb.bind] (executor-thread-9) binding parameter (7:DOUBLE) <- [5000.0]
2025-06-16 04:58:07,571 desktop-dift32i C:\Program Files\Java\jdk-21\bin\java.exe[1584] TRACE [org.hib.orm.jdb.bind] (executor-thread-9) binding parameter (1:TIMESTAMP) <- [null]
2025-06-16 04:58:07,573 desktop-dift32i C:\Program Files\Java\jdk-21\bin\java.exe[1584] TRACE [org.hib.orm.jdb.bind] (executor-thread-9) binding parameter (2:TIMESTAMP) <- [2025-06-16T04:58:07.570086100]
2025-06-16 04:58:07,574 desktop-dift32i C:\Program Files\Java\jdk-21\bin\java.exe[1584] TRACE [org.hib.orm.jdb.bind] (executor-thread-9) binding parameter (3:BIGINT) <- [5]
2025-06-16 04:58:07,575 desktop-dift32i C:\Program Files\Java\jdk-21\bin\java.exe[1584] TRACE [org.hib.orm.jdb.bind] (executor-thread-9) binding parameter (4:BIGINT) <- [1]
2025-06-16 04:58:07,576 desktop-dift32i C:\Program Files\Java\jdk-21\bin\java.exe[1584] TRACE [org.hib.orm.jdb.bind] (executor-thread-9) binding parameter (5:INTEGER) <- [1]
2025-06-16 04:58:07,577 desktop-dift32i C:\Program Files\Java\jdk-21\bin\java.exe[1584] TRACE [org.hib.orm.jdb.bind] (executor-thread-9) binding parameter (6:DOUBLE) <- [5000.0]
2025-06-16 04:58:07,582 desktop-dift32i C:\Program Files\Java\jdk-21\bin\java.exe[1584] TRACE [org.hib.orm.jdb.bind] (executor-thread-9) binding parameter (1:TIMESTAMP) <- [2025-06-16T04:58:07.580085100]
2025-06-16 04:58:07,584 desktop-dift32i C:\Program Files\Java\jdk-21\bin\java.exe[1584] TRACE [org.hib.orm.jdb.bind] (executor-thread-9) binding parameter (2:TIMESTAMP) <- [null]
2025-06-16 04:58:07,585 desktop-dift32i C:\Program Files\Java\jdk-21\bin\java.exe[1584] TRACE [org.hib.orm.jdb.bind] (executor-thread-9) binding parameter (3:INTEGER) <- [2]
2025-06-16 04:58:07,587 desktop-dift32i C:\Program Files\Java\jdk-21\bin\java.exe[1584] TRACE [org.hib.orm.jdb.bind] (executor-thread-9) binding parameter (4:VARCHAR) <- [Fabricante 1]
2025-06-16 04:58:07,588 desktop-dift32i C:\Program Files\Java\jdk-21\bin\java.exe[1584] TRACE [org.hib.orm.jdb.bind] (executor-thread-9) binding parameter (5:BIGINT) <- [1]
2025-06-16 04:58:07,589 desktop-dift32i C:\Program Files\Java\jdk-21\bin\java.exe[1584] TRACE [org.hib.orm.jdb.bind] (executor-thread-9) binding parameter (6:BIGINT) <- [1]
2025-06-16 04:58:07,590 desktop-dift32i C:\Program Files\Java\jdk-21\bin\java.exe[1584] TRACE [org.hib.orm.jdb.bind] (executor-thread-9) binding parameter (7:VARCHAR) <- [Madeira]
2025-06-16 04:58:07,591 desktop-dift32i C:\Program Files\Java\jdk-21\bin\java.exe[1584] TRACE [org.hib.orm.jdb.bind] (executor-thread-9) binding parameter (8:VARCHAR) <- [Modelo A]
2025-06-16 04:58:07,592 desktop-dift32i C:\Program Files\Java\jdk-21\bin\java.exe[1584] TRACE [org.hib.orm.jdb.bind] (executor-thread-9) binding parameter (9:INTEGER) <- [88]
2025-06-16 04:58:07,593 desktop-dift32i C:\Program Files\Java\jdk-21\bin\java.exe[1584] TRACE [org.hib.orm.jdb.bind] (executor-thread-9) binding parameter (10:BOOLEAN) <- [true]
2025-06-16 04:58:07,594 desktop-dift32i C:\Program Files\Java\jdk-21\bin\java.exe[1584] TRACE [org.hib.orm.jdb.bind] (executor-thread-9) binding parameter (11:DOUBLE) <- [5000.0]
2025-06-16 04:58:07,595 desktop-dift32i C:\Program Files\Java\jdk-21\bin\java.exe[1584] TRACE [org.hib.orm.jdb.bind] (executor-thread-9) binding parameter (12:VARCHAR) <- [ACUSTICO]
2025-06-16 04:58:07,596 desktop-dift32i C:\Program Files\Java\jdk-21\bin\java.exe[1584] TRACE [org.hib.orm.jdb.bind] (executor-thread-9) binding parameter (13:BIGINT) <- [1]
2025-06-16 04:58:14,046 desktop-dift32i C:\Program Files\Java\jdk-21\bin\java.exe[1584] INFO  [com.eco.res.PedidoResource] (executor-thread-9) Buscando pedidos pelo nome: #
2025-06-16 04:58:14,050 desktop-dift32i C:\Program Files\Java\jdk-21\bin\java.exe[1584] TRACE [org.hib.orm.jdb.bind] (executor-thread-9) binding parameter (1:VARCHAR) <- [#]
2025-06-16 04:58:14,055 desktop-dift32i C:\Program Files\Java\jdk-21\bin\java.exe[1584] TRACE [org.hib.orm.jdb.bind] (executor-thread-9) binding parameter (1:BIGINT) <- [3]
2025-06-16 04:58:14,065 desktop-dift32i C:\Program Files\Java\jdk-21\bin\java.exe[1584] TRACE [org.hib.orm.jdb.bind] (executor-thread-9) binding parameter (1:ARRAY) <- [[7, 6]]
2025-06-16 04:58:14,074 desktop-dift32i C:\Program Files\Java\jdk-21\bin\java.exe[1584] TRACE [org.hib.orm.jdb.bind] (executor-thread-9) binding parameter (1:ARRAY) <- [[4, 5]]
2025-06-16 04:58:28,196 desktop-dift32i C:\Program Files\Java\jdk-21\bin\java.exe[1584] INFO  [com.eco.res.PedidoResource] (executor-thread-9) Processando pagamento via PIX para pedido ID: 4
2025-06-16 04:58:28,202 desktop-dift32i C:\Program Files\Java\jdk-21\bin\java.exe[1584] TRACE [org.hib.orm.jdb.bind] (executor-thread-9) binding parameter (1:BIGINT) <- [4]
2025-06-16 04:58:28,210 desktop-dift32i C:\Program Files\Java\jdk-21\bin\java.exe[1584] TRACE [org.hib.orm.jdb.bind] (executor-thread-9) binding parameter (1:BIGINT) <- [3]
2025-06-16 04:58:28,212 desktop-dift32i C:\Program Files\Java\jdk-21\bin\java.exe[1584] TRACE [org.hib.orm.jdb.bind] (executor-thread-9) binding parameter (2:TIMESTAMP) <- [2025-06-16T04:58:28.209546800]
2025-06-16 04:58:28,213 desktop-dift32i C:\Program Files\Java\jdk-21\bin\java.exe[1584] TRACE [org.hib.orm.jdb.bind] (executor-thread-9) binding parameter (3:TIMESTAMP) <- [2025-06-16T04:57:24.917182]
2025-06-16 04:58:28,214 desktop-dift32i C:\Program Files\Java\jdk-21\bin\java.exe[1584] TRACE [org.hib.orm.jdb.bind] (executor-thread-9) binding parameter (4:TIMESTAMP) <- [2025-06-16T04:57:24.867178]
2025-06-16 04:58:28,215 desktop-dift32i C:\Program Files\Java\jdk-21\bin\java.exe[1584] TRACE [org.hib.orm.jdb.bind] (executor-thread-9) binding parameter (5:BIGINT) <- [6]
2025-06-16 04:58:28,216 desktop-dift32i C:\Program Files\Java\jdk-21\bin\java.exe[1584] TRACE [org.hib.orm.jdb.bind] (executor-thread-9) binding parameter (6:VARCHAR) <- [PROCESSANDO_PAGAMENTO]
2025-06-16 04:58:28,218 desktop-dift32i C:\Program Files\Java\jdk-21\bin\java.exe[1584] TRACE [org.hib.orm.jdb.bind] (executor-thread-9) binding parameter (7:DOUBLE) <- [6000.0]
2025-06-16 04:58:28,219 desktop-dift32i C:\Program Files\Java\jdk-21\bin\java.exe[1584] TRACE [org.hib.orm.jdb.bind] (executor-thread-9) binding parameter (8:BIGINT) <- [4]
2025-06-16 04:59:37,593 desktop-dift32i C:\Program Files\Java\jdk-21\bin\java.exe[1584] INFO  [com.eco.res.PedidoResource] (executor-thread-9) Buscando pedidos pelo nome: #
2025-06-16 04:59:37,597 desktop-dift32i C:\Program Files\Java\jdk-21\bin\java.exe[1584] TRACE [org.hib.orm.jdb.bind] (executor-thread-9) binding parameter (1:VARCHAR) <- [#]
2025-06-16 04:59:37,601 desktop-dift32i C:\Program Files\Java\jdk-21\bin\java.exe[1584] TRACE [org.hib.orm.jdb.bind] (executor-thread-9) binding parameter (1:BIGINT) <- [3]
2025-06-16 04:59:37,610 desktop-dift32i C:\Program Files\Java\jdk-21\bin\java.exe[1584] TRACE [org.hib.orm.jdb.bind] (executor-thread-9) binding parameter (1:ARRAY) <- [[7, 6]]
2025-06-16 04:59:37,617 desktop-dift32i C:\Program Files\Java\jdk-21\bin\java.exe[1584] TRACE [org.hib.orm.jdb.bind] (executor-thread-9) binding parameter (1:ARRAY) <- [[5, 4]]
2025-06-16 05:00:13,640 desktop-dift32i C:\Program Files\Java\jdk-21\bin\java.exe[1584] INFO  [com.eco.res.PedidoResource] (executor-thread-9) Processando pagamento com cartão de débito para pedido ID: 5
2025-06-16 05:00:13,647 desktop-dift32i C:\Program Files\Java\jdk-21\bin\java.exe[1584] TRACE [org.hib.orm.jdb.bind] (executor-thread-9) binding parameter (1:BIGINT) <- [5]
2025-06-16 05:00:13,654 desktop-dift32i C:\Program Files\Java\jdk-21\bin\java.exe[1584] TRACE [org.hib.orm.jdb.bind] (executor-thread-9) binding parameter (1:BIGINT) <- [3]
2025-06-16 05:00:13,655 desktop-dift32i C:\Program Files\Java\jdk-21\bin\java.exe[1584] TRACE [org.hib.orm.jdb.bind] (executor-thread-9) binding parameter (2:TIMESTAMP) <- [2025-06-16T05:00:13.653352900]
2025-06-16 05:00:13,657 desktop-dift32i C:\Program Files\Java\jdk-21\bin\java.exe[1584] TRACE [org.hib.orm.jdb.bind] (executor-thread-9) binding parameter (3:TIMESTAMP) <- [2025-06-16T04:58:07.559083]
2025-06-16 05:00:13,658 desktop-dift32i C:\Program Files\Java\jdk-21\bin\java.exe[1584] TRACE [org.hib.orm.jdb.bind] (executor-thread-9) binding parameter (4:TIMESTAMP) <- [2025-06-16T04:58:07.510084]
2025-06-16 05:00:13,659 desktop-dift32i C:\Program Files\Java\jdk-21\bin\java.exe[1584] TRACE [org.hib.orm.jdb.bind] (executor-thread-9) binding parameter (5:BIGINT) <- [7]
2025-06-16 05:00:13,660 desktop-dift32i C:\Program Files\Java\jdk-21\bin\java.exe[1584] TRACE [org.hib.orm.jdb.bind] (executor-thread-9) binding parameter (6:VARCHAR) <- [PROCESSANDO_PAGAMENTO]
2025-06-16 05:00:13,661 desktop-dift32i C:\Program Files\Java\jdk-21\bin\java.exe[1584] TRACE [org.hib.orm.jdb.bind] (executor-thread-9) binding parameter (7:DOUBLE) <- [5000.0]
2025-06-16 05:00:13,662 desktop-dift32i C:\Program Files\Java\jdk-21\bin\java.exe[1584] TRACE [org.hib.orm.jdb.bind] (executor-thread-9) binding parameter (8:BIGINT) <- [5]
2025-06-16 05:00:30,266 desktop-dift32i C:\Program Files\Java\jdk-21\bin\java.exe[1584] INFO  [com.eco.res.PedidoResource] (executor-thread-9) Buscando pedido pelo ID: 5
2025-06-16 05:00:30,273 desktop-dift32i C:\Program Files\Java\jdk-21\bin\java.exe[1584] TRACE [org.hib.orm.jdb.bind] (executor-thread-9) binding parameter (1:BIGINT) <- [5]
2025-06-16 05:00:30,282 desktop-dift32i C:\Program Files\Java\jdk-21\bin\java.exe[1584] TRACE [org.hib.orm.jdb.bind] (executor-thread-9) binding parameter (1:BIGINT) <- [5]
2025-06-16 05:00:36,553 desktop-dift32i C:\Program Files\Java\jdk-21\bin\java.exe[1584] INFO  [com.eco.res.PedidoResource] (executor-thread-9) Buscando pedidos pelo nome: #
2025-06-16 05:00:36,556 desktop-dift32i C:\Program Files\Java\jdk-21\bin\java.exe[1584] TRACE [org.hib.orm.jdb.bind] (executor-thread-9) binding parameter (1:VARCHAR) <- [#]
2025-06-16 05:00:36,561 desktop-dift32i C:\Program Files\Java\jdk-21\bin\java.exe[1584] TRACE [org.hib.orm.jdb.bind] (executor-thread-9) binding parameter (1:BIGINT) <- [3]
2025-06-16 05:00:36,568 desktop-dift32i C:\Program Files\Java\jdk-21\bin\java.exe[1584] TRACE [org.hib.orm.jdb.bind] (executor-thread-9) binding parameter (1:ARRAY) <- [[7, 6]]
2025-06-16 05:00:36,577 desktop-dift32i C:\Program Files\Java\jdk-21\bin\java.exe[1584] TRACE [org.hib.orm.jdb.bind] (executor-thread-9) binding parameter (1:ARRAY) <- [[4, 5]]
2025-06-16 05:01:05,748 desktop-dift32i C:\Program Files\Java\jdk-21\bin\java.exe[1584] INFO  [com.eco.res.PianoResource] (executor-thread-9) Listando todos os pianos
2025-06-16 05:01:05,753 desktop-dift32i C:\Program Files\Java\jdk-21\bin\java.exe[1584] TRACE [org.hib.orm.jdb.bind] (executor-thread-9) binding parameter (1:BIGINT) <- [3]
2025-06-16 05:01:05,756 desktop-dift32i C:\Program Files\Java\jdk-21\bin\java.exe[1584] TRACE [org.hib.orm.jdb.bind] (executor-thread-9) binding parameter (1:BIGINT) <- [3]
2025-06-16 05:01:05,759 desktop-dift32i C:\Program Files\Java\jdk-21\bin\java.exe[1584] TRACE [org.hib.orm.jdb.bind] (executor-thread-9) binding parameter (1:BIGINT) <- [4]
2025-06-16 05:01:05,762 desktop-dift32i C:\Program Files\Java\jdk-21\bin\java.exe[1584] TRACE [org.hib.orm.jdb.bind] (executor-thread-9) binding parameter (1:BIGINT) <- [4]
2025-06-16 05:01:05,764 desktop-dift32i C:\Program Files\Java\jdk-21\bin\java.exe[1584] TRACE [org.hib.orm.jdb.bind] (executor-thread-9) binding parameter (1:BIGINT) <- [1]
2025-06-16 05:01:05,767 desktop-dift32i C:\Program Files\Java\jdk-21\bin\java.exe[1584] TRACE [org.hib.orm.jdb.bind] (executor-thread-9) binding parameter (1:BIGINT) <- [1]
2025-06-16 05:01:05,771 desktop-dift32i C:\Program Files\Java\jdk-21\bin\java.exe[1584] TRACE [org.hib.orm.jdb.bind] (executor-thread-9) binding parameter (1:BIGINT) <- [2]
2025-06-16 05:01:05,774 desktop-dift32i C:\Program Files\Java\jdk-21\bin\java.exe[1584] TRACE [org.hib.orm.jdb.bind] (executor-thread-9) binding parameter (1:BIGINT) <- [2]
2025-06-16 05:01:43,357 desktop-dift32i C:\Program Files\Java\jdk-21\bin\java.exe[1584] INFO  [com.eco.res.PedidoResource] (executor-thread-9) Buscando pedidos pelo nome: #
2025-06-16 05:01:43,362 desktop-dift32i C:\Program Files\Java\jdk-21\bin\java.exe[1584] TRACE [org.hib.orm.jdb.bind] (executor-thread-9) binding parameter (1:VARCHAR) <- [#]
2025-06-16 05:01:43,366 desktop-dift32i C:\Program Files\Java\jdk-21\bin\java.exe[1584] TRACE [org.hib.orm.jdb.bind] (executor-thread-9) binding parameter (1:BIGINT) <- [3]
2025-06-16 05:01:43,376 desktop-dift32i C:\Program Files\Java\jdk-21\bin\java.exe[1584] TRACE [org.hib.orm.jdb.bind] (executor-thread-9) binding parameter (1:ARRAY) <- [[7, 6]]
2025-06-16 05:01:43,384 desktop-dift32i C:\Program Files\Java\jdk-21\bin\java.exe[1584] TRACE [org.hib.orm.jdb.bind] (executor-thread-9) binding parameter (1:ARRAY) <- [[4, 5]]
